<?xml version="1.0" encoding="UTF-8"?>
<!-- Generated by org.testng.reporters.JUnitReportReporter -->
<testsuite hostname="ACER-PC" failures="0" tests="1" name="com.avi.tests.HomePageTest" time="48.162" errors="0" timestamp="25 Jan 2021 12:12:21 GMT" skipped="0">
  <testcase classname="com.avi.tests.HomePageTest" name="test2" time="48.162"/>
</testsuite> <!-- com.avi.tests.HomePageTest -->
