<?xml version="1.0" encoding="UTF-8"?>
<!-- Generated by org.testng.reporters.JUnitReportReporter -->
<testsuite hostname="ACER-PC" failures="0" tests="1" name="com.avi.tests.LoginPageTests" time="47.460" errors="0" timestamp="25 Jan 2021 12:12:21 GMT" skipped="0">
  <testcase classname="com.avi.tests.LoginPageTests" name="test1" time="47.460"/>
</testsuite> <!-- com.avi.tests.LoginPageTests -->
